<?xml version="1.0" encoding="UTF-8"?>
<robot generator="Robot 6.0.1 (Python 3.8.10 on linux)" generated="20221106 20:23:27.145" rpa="true" schemaversion="3">
<suite id="s1" name="Testing" source="/home/alister/Documents/codeStuff/robotFrameWork/sample1/testing.robot">
<test id="s1-t1" name="Calculate the performance for some example sales reps" line="6">
<kw name="Get Current Date">
<var>${My_date}</var>
<msg timestamp="20221106 20:23:27.197" level="FAIL">No keyword with name 'Get Current Date' found.</msg>
<status status="FAIL" starttime="20221106 20:23:27.197" endtime="20221106 20:23:27.197"/>
</kw>
<status status="FAIL" starttime="20221106 20:23:27.193" endtime="20221106 20:23:27.197">No keyword with name 'Get Current Date' found.</status>
</test>
<status status="FAIL" starttime="20221106 20:23:27.147" endtime="20221106 20:23:27.198"/>
</suite>
<statistics>
<total>
<stat pass="0" fail="1" skip="0">All Tasks</stat>
</total>
<tag>
</tag>
<suite>
<stat pass="0" fail="1" skip="0" id="s1" name="Testing">Testing</stat>
</suite>
</statistics>
<errors>
<msg timestamp="20221106 20:23:27.192" level="WARN">Imported library '/home/alister/Documents/codeStuff/robotFrameWork/Libraries/ExampleLibrary.py' contains no keywords.</msg>
</errors>
</robot>
